<?xml version="1.0" encoding="UTF-8" ?>
<testsuite errors="0" failures="0" hostname="dev.adaptivedisclosure.org" name="indexer.WebServiceTest" tests="1" time="0.068" timestamp="2010-10-12T13:54:14">
  <properties>
    <property name="file.reference.commons-lang-2.3.jar" value="lib/commons-lang-2.3.jar" />
    <property name="default.javac.source" value="1.4" />
    <property name="env.OLDPWD" value="/home/aida/.hudson/jobs/AIDA/workspace" />
    <property name="file.encoding.pkg" value="sun.io" />
    <property name="javac.source" value="1.5" />
    <property name="java.home" value="/usr/lib/jvm/java-6-sun-1.6.0.17/jre" />
    <property name="test.src.dir" value="test" />
    <property name="javadoc.version" value="false" />
    <property name="env.LS_COLORS" value="no=00:fi=00:di=01;34:ln=01;36:pi=40;33:so=01;35:do=01;35:bd=40;33;01:cd=40;33;01:or=40;31;01:su=37;41:sg=30;43:tw=30;42:ow=34;42:st=37;44:ex=01;32:*.tar=01;31:*.tgz=01;31:*.svgz=01;31:*.arj=01;31:*.taz=01;31:*.lzh=01;31:*.lzma=01;31:*.zip=01;31:*.z=01;31:*.Z=01;31:*.dz=01;31:*.gz=01;31:*.bz2=01;31:*.bz=01;31:*.tbz2=01;31:*.tz=01;31:*.deb=01;31:*.rpm=01;31:*.jar=01;31:*.rar=01;31:*.ace=01;31:*.zoo=01;31:*.cpio=01;31:*.7z=01;31:*.rz=01;31:*.jpg=01;35:*.jpeg=01;35:*.gif=01;35:*.bmp=01;35:*.pbm=01;35:*.pgm=01;35:*.ppm=01;35:*.tga=01;35:*.xbm=01;35:*.xpm=01;35:*.tif=01;35:*.tiff=01;35:*.png=01;35:*.svg=01;35:*.mng=01;35:*.pcx=01;35:*.mov=01;35:*.mpg=01;35:*.mpeg=01;35:*.m2v=01;35:*.mkv=01;35:*.ogm=01;35:*.mp4=01;35:*.m4v=01;35:*.mp4v=01;35:*.vob=01;35:*.qt=01;35:*.nuv=01;35:*.wmv=01;35:*.asf=01;35:*.rm=01;35:*.rmvb=01;35:*.flc=01;35:*.avi=01;35:*.fli=01;35:*.gl=01;35:*.dl=01;35:*.xcf=01;35:*.xwd=01;35:*.yuv=01;35:*.aac=00;36:*.au=00;36:*.flac=00;36:*.mid=00;36:*.midi=00;36:*.mka=00;36:*.mp3=00;36:*.mpc=00;36:*.ogg=00;36:*.ra=00;36:*.wav=00;36:" />
    <property name="env.TARGET_PORT" value="80" />
    <property name="file.reference.cog-jglobus.jar" value="lib/cog-jglobus.jar" />
    <property name="sesame.repository" value="rdf-db" />
    <property name="env.SUDO_USER" value="aida" />
    <property name="java.endorsed.dirs" value="/usr/lib/jvm/java-6-sun-1.6.0.17/jre/lib/endorsed" />
    <property name="file.reference.jstl.jar" value="lib/jstl.jar" />
    <property name="env.LOGNAME" value="root" />
    <property name="env.USERNAME" value="root" />
    <property name="env.HUDSON_HOME" value="/home/aida/.hudson" />
    <property name="src.dir" value="src" />
    <property name="debug-args-line" value="-Xdebug" />
    <property name="build.sysclasspath" value="ignore" />
    <property name="have.sources" value="true" />
    <property name="includes" value="**" />
    <property name="source.encoding" value="UTF-8" />
    <property name="sun.os.patch.level" value="unknown" />
    <property name="file.reference.activation.jar" value="lib/activation.jar" />
    <property name="java.vendor.url" value="http://java.sun.com/" />
    <property name="java.version" value="1.6.0_17" />
    <property name="javac.debug" value="true" />
    <property name="run.classpath" value="lib/activation.jar:lib/axis.jar:lib/cog-jglobus.jar:lib/commons-beanutils.jar:lib/commons-collections-3.2.jar:lib/commons-configuration-1.2.jar:lib/commons-digester-1.7.jar:lib/commons-discovery-0.2.jar:lib/commons-lang-2.3.jar:lib/commons-logging.jar:lib/commons-math-1.1.jar:lib/jargon_v1.4.20.jar:lib/javax.servlet.jar:lib/jaxb-api.jar:lib/jaxb-impl.jar:lib/jaxb-xjc.jar:lib/jaxrpc.jar:lib/jdbm-1.0.jar:lib/jsr173_api.jar:lib/jstl.jar:lib/junit-3.8.2.jar:lib/lingpipe-2.2.0.jar:lib/lucene-core-2.1.0.jar:lib/mina-0.8.1.jar:lib/PDFBox-0.7.2.jar:lib/saaj.jar:lib/servlet-api.jar:lib/standard.jar:lib/tm-extractors-0.4.jar:lib/xbean.jar:build/classes" />
    <property name="java.vendor.url.bug" value="http://java.sun.com/cgi-bin/bugreport.cgi" />
    <property name="env.SVN_REVISION" value="14750" />
    <property name="manifest.file" value="manifest.mf" />
    <property name="user.name" value="aida" />
    <property name="env.LANG" value="en_US.UTF-8" />
    <property name="jnlp.enabled" value="false" />
    <property name="file.reference.commons-beanutils.jar" value="lib/commons-beanutils.jar" />
    <property name="sun.io.unicode.encoding" value="UnicodeLittle" />
    <property name="sun.jnu.encoding" value="UTF-8" />
    <property name="java.runtime.name" value="Java(TM) SE Runtime Environment" />
    <property name="application.vendor" value="emeij" />
    <property name="file.reference.commons-collections-3.2.jar" value="lib/commons-collections-3.2.jar" />
    <property name="java.specification.name" value="Java Platform API Specification" />
    <property name="javadoc.author" value="false" />
    <property name="user.timezone" value="" />
    <property name="manifest.available" value="true" />
    <property name="path.separator" value=":" />
    <property name="version-output" value="java version &quot;1.6" />
    <property name="env.TARGET_HOST" value="localhost" />
    <property name="file.encoding" value="UTF-8" />
    <property name="dist.javadoc.dir" value="dist/javadoc" />
    <property name="file.reference.tm-extractors-0.4.jar" value="lib/tm-extractors-0.4.jar" />
    <property name="env.HOME" value="/home/aida" />
    <property name="file.reference.commons-logging.jar" value="lib/commons-logging.jar" />
    <property name="ant.file" value="/home/aida/.hudson/jobs/AIDA/workspace/AIDA/Search/Indexer/build.xml" />
    <property name="file.reference.PDFBox-0.7.2.jar" value="lib/PDFBox-0.7.2.jar" />
    <property name="env.BUILD_TAG" value="hudson-AIDA-55" />
    <property name="env._" value="/home/aida/ant/bin/ant" />
    <property name="do.jar" value="true" />
    <property name="java.io.tmpdir" value="/tmp" />
    <property name="build.test.results.dir" value="build/test/results" />
    <property name="ant.file.Indexer" value="/home/aida/.hudson/jobs/AIDA/workspace/AIDA/Search/Indexer/build.xml" />
    <property name="user.language" value="en" />
    <property name="line.separator" value="
" />
    <property name="env.CATALINA_BASE" value="/home/aida/tomcat-dev" />
    <property name="javac.compilerargs" value="" />
    <property name="jar.compress" value="false" />
    <property name="javac.compilerargs.jaxws" value="" />
    <property name="file.reference.lucene-core-2.1.0.jar" value="lib/lucene-core-2.1.0.jar" />
    <property name="do.depend.true" value="true" />
    <property name="env.JOB_NAME" value="AIDA" />
    <property name="java.vm.info" value="mixed mode, sharing" />
    <property name="file.reference.mina-0.8.1.jar" value="lib/mina-0.8.1.jar" />
    <property name="jnlp.codebase.url" value="file:/home/skoulouz/NetBeansProjects/AIDA/Search/Indexer/dist/" />
    <property name="javadoc.private" value="false" />
    <property name="java.vm.specification.name" value="Java Virtual Machine Specification" />
    <property name="build.test.classes.dir" value="build/test/classes" />
    <property name="file.reference.commons-digester-1.7.jar" value="lib/commons-digester-1.7.jar" />
    <property name="jaxws.endorsed.dir" value="/home/skoulouz/netbeans-6.1/java2/modules/ext/jaxws21/api" />
    <property name="env.BUILD_URL" value="http://aida.homelinux.org/hudson/job/AIDA/55/" />
    <property name="manifest.available+main.class" value="true" />
    <property name="file.reference.lingpipe-2.2.0.jar" value="lib/lingpipe-2.2.0.jar" />
    <property name="platform.active" value="default_platform" />
    <property name="file.reference.axis.jar" value="lib/axis.jar" />
    <property name="env.EDITOR" value="gedit" />
    <property name="file.reference.jaxb-xjc.jar" value="lib/jaxb-xjc.jar" />
    <property name="file.reference.jargon_v1.4.20.jar" value="lib/jargon_v1.4.20.jar" />
    <property name="javadoc.encoding" value="" />
    <property name="env.TARGET_URL" value="http://localhost" />
    <property name="java.awt.printerjob" value="sun.print.PSPrinterJob" />
    <property name="dist.jar" value="dist/Indexer.jar" />
    <property name="meta.inf.dir" value="src/META-INF" />
    <property name="catalina.home" value="/home/aida/tomcat-dev" />
    <property name="ant.version" value="Apache Ant version 1.7.0 compiled on December 13 2006" />
    <property name="javadoc.nonavbar" value="false" />
    <property name="user.properties.file" value="/home/skoulouz/.netbeans/6.1/build.properties" />
    <property name="manager.url" value="http://localhost/manager" />
    <property name="file.reference.commons-collections-3.1.jar" value="lib/commons-collections-3.1.jar" />
    <property name="password" value="far2easy" />
    <property name="build.generated.dir" value="build/generated" />
    <property name="env.BUILD_NUMBER" value="55" />
    <property name="os.name" value="Linux" />
    <property name="java.specification.vendor" value="Sun Microsystems Inc." />
    <property name="run.test.classpath" value="lib/activation.jar:lib/axis.jar:lib/cog-jglobus.jar:lib/commons-beanutils.jar:lib/commons-collections-3.2.jar:lib/commons-configuration-1.2.jar:lib/commons-digester-1.7.jar:lib/commons-discovery-0.2.jar:lib/commons-lang-2.3.jar:lib/commons-logging.jar:lib/commons-math-1.1.jar:lib/jargon_v1.4.20.jar:lib/javax.servlet.jar:lib/jaxb-api.jar:lib/jaxb-impl.jar:lib/jaxb-xjc.jar:lib/jaxrpc.jar:lib/jdbm-1.0.jar:lib/jsr173_api.jar:lib/jstl.jar:lib/junit-3.8.2.jar:lib/lingpipe-2.2.0.jar:lib/lucene-core-2.1.0.jar:lib/mina-0.8.1.jar:lib/PDFBox-0.7.2.jar:lib/saaj.jar:lib/servlet-api.jar:lib/standard.jar:lib/tm-extractors-0.4.jar:lib/xbean.jar:build/classes:${libs.junit.classpath}:build/test/classes" />
    <property name="env.TERM" value="screen" />
    <property name="java.vm.name" value="Java HotSpot(TM) Client VM" />
    <property name="env.JOB_URL" value="http://aida.homelinux.org/hudson/job/AIDA/" />
    <property name="java.library.path" value="/usr/lib/jvm/java-6-sun-1.6.0.17/jre/lib/i386/client:/usr/lib/jvm/java-6-sun-1.6.0.17/jre/lib/i386:/usr/lib/jvm/java-6-sun-1.6.0.17/jre/../lib/i386:/usr/lib/jvm/java-6-sun/jre/lib/i386/client:/usr/lib/jvm/java-6-sun/jre/lib/i386:/usr/java/packages/lib/i386:/lib:/usr/lib" />
    <property name="sesame.password" value="opensesame" />
    <property name="env.PATH" value="/home/aida/tomcat-dev/bin:/home/aida/jdk/bin:/usr/lib/kde4/bin:/usr/local/sbin:/usr/local/bin:/usr/sbin:/usr/bin:/sbin:/bin:/usr/X11R6/bin" />
    <property name="env.HUDSON_URL" value="http://aida.homelinux.org/hudson/" />
    <property name="ant.java.version" value="1.6" />
    <property name="basedir" value="/home/aida/.hudson/jobs/AIDA/workspace/AIDA/Search/Indexer" />
    <property name="file.reference.commons-lang-2.1.jar" value="lib/commons-lang-2.1.jar" />
    <property name="javadoc.noindex" value="false" />
    <property name="java.class.version" value="50.0" />
    <property name="env.SHLVL" value="1" />
    <property name="javac.test.classpath" value="lib/activation.jar:lib/axis.jar:lib/cog-jglobus.jar:lib/commons-beanutils.jar:lib/commons-collections-3.2.jar:lib/commons-configuration-1.2.jar:lib/commons-digester-1.7.jar:lib/commons-discovery-0.2.jar:lib/commons-lang-2.3.jar:lib/commons-logging.jar:lib/commons-math-1.1.jar:lib/jargon_v1.4.20.jar:lib/javax.servlet.jar:lib/jaxb-api.jar:lib/jaxb-impl.jar:lib/jaxb-xjc.jar:lib/jaxrpc.jar:lib/jdbm-1.0.jar:lib/jsr173_api.jar:lib/jstl.jar:lib/junit-3.8.2.jar:lib/lingpipe-2.2.0.jar:lib/lucene-core-2.1.0.jar:lib/mina-0.8.1.jar:lib/PDFBox-0.7.2.jar:lib/saaj.jar:lib/servlet-api.jar:lib/standard.jar:lib/tm-extractors-0.4.jar:lib/xbean.jar:build/classes:${libs.junit.classpath}" />
    <property name="env.LD_LIBRARY_PATH" value="/usr/lib/jvm/java-6-sun-1.6.0.17/jre/lib/i386/client:/usr/lib/jvm/java-6-sun-1.6.0.17/jre/lib/i386:/usr/lib/jvm/java-6-sun-1.6.0.17/jre/../lib/i386:/usr/lib/jvm/java-6-sun/jre/lib/i386/client:/usr/lib/jvm/java-6-sun/jre/lib/i386" />
    <property name="ant.home" value="/home/aida/ant" />
    <property name="javadoc.splitindex" value="true" />
    <property name="javadoc.preview" value="true" />
    <property name="_indexdir" value="true" />
    <property name="file.reference.commons-configuration-1.2.jar" value="lib/commons-configuration-1.2.jar" />
    <property name="env.AIDA_HOME" value="/home/aida/.hudson/jobs/AIDA/workspace" />
    <property name="file.reference.jdbm-1.0.jar" value="lib/jdbm-1.0.jar" />
    <property name="file.reference.xbean.jar" value="lib/xbean.jar" />
    <property name="manager.port" value="80" />
    <property name="sun.boot.library.path" value="/usr/lib/jvm/java-6-sun-1.6.0.17/jre/lib/i386" />
    <property name="build.dir" value="build" />
    <property name="application.title" value="Indexer" />
    <property name="sun.management.compiler" value="HotSpot Client Compiler" />
    <property name="java.awt.graphicsenv" value="sun.awt.X11GraphicsEnvironment" />
    <property name="file.reference.jaxrpc.jar" value="lib/jaxrpc.jar" />
    <property name="javadoc.encoding.used" value="UTF-8" />
    <property name="env.USER" value="root" />
    <property name="javadoc.windowtitle" value="" />
    <property name="run.jvmargs" value="" />
    <property name="ant.project.name" value="Indexer" />
    <property name="java.vm.specification.version" value="1.0" />
    <property name="work.dir" value="/home/aida/.hudson/jobs/AIDA/workspace/AIDA/Search/Indexer" />
    <property name="env.NLSPATH" value="/usr/dt/lib/nls/msg/%L/%N.cat" />
    <property name="javadoc.use" value="true" />
    <property name="sun.cpu.isalist" value="" />
    <property name="java.ext.dirs" value="/usr/lib/jvm/java-6-sun-1.6.0.17/jre/lib/ext:/usr/java/packages/lib/ext" />
    <property name="os.version" value="2.6.24-26-server" />
    <property name="file.reference.servlet-api.jar" value="lib/servlet-api.jar" />
    <property name="excludes" value="" />
    <property name="user.home" value="/home/aida" />
    <property name="java.vm.vendor" value="Sun Microsystems Inc." />
    <property name="env.SUDO_COMMAND" value="/etc/init.d/tomcat-dev start" />
    <property name="env.JAVA_HOME" value="/home/aida/jdk" />
    <property name="user.dir" value="/home/aida/.hudson/jobs/AIDA/workspace/AIDA/Search/Indexer" />
    <property name="env.XFILESEARCHPATH" value="/usr/dt/app-defaults/%L/Dt" />
    <property name="env.MAIL" value="/var/mail/aida" />
    <property name="env.PWD" value="/home/aida/.hudson/jobs/AIDA/workspace/AIDA/Search/Indexer" />
    <property name="application.args" value="conf" />
    <property name="sun.cpu.endian" value="little" />
    <property name="file.reference.javax.servlet.jar" value="lib/javax.servlet.jar" />
    <property name="file.reference.saaj.jar" value="lib/saaj.jar" />
    <property name="jnlp.offline-allowed" value="false" />
    <property name="java.vm.version" value="14.3-b01" />
    <property name="java.class.path" value="/home/aida/.hudson/jobs/AIDA/workspace/AIDA/Search/Indexer/lib/activation.jar:/home/aida/.hudson/jobs/AIDA/workspace/AIDA/Search/Indexer/lib/axis.jar:/home/aida/.hudson/jobs/AIDA/workspace/AIDA/Search/Indexer/lib/cog-jglobus.jar:/home/aida/.hudson/jobs/AIDA/workspace/AIDA/Search/Indexer/lib/commons-beanutils.jar:/home/aida/.hudson/jobs/AIDA/workspace/AIDA/Search/Indexer/lib/commons-collections-3.2.jar:/home/aida/.hudson/jobs/AIDA/workspace/AIDA/Search/Indexer/lib/commons-configuration-1.2.jar:/home/aida/.hudson/jobs/AIDA/workspace/AIDA/Search/Indexer/lib/commons-digester-1.7.jar:/home/aida/.hudson/jobs/AIDA/workspace/AIDA/Search/Indexer/lib/commons-discovery-0.2.jar:/home/aida/.hudson/jobs/AIDA/workspace/AIDA/Search/Indexer/lib/commons-lang-2.3.jar:/home/aida/.hudson/jobs/AIDA/workspace/AIDA/Search/Indexer/lib/commons-logging.jar:/home/aida/.hudson/jobs/AIDA/workspace/AIDA/Search/Indexer/lib/commons-math-1.1.jar:/home/aida/.hudson/jobs/AIDA/workspace/AIDA/Search/Indexer/lib/jargon_v1.4.20.jar:/home/aida/.hudson/jobs/AIDA/workspace/AIDA/Search/Indexer/lib/javax.servlet.jar:/home/aida/.hudson/jobs/AIDA/workspace/AIDA/Search/Indexer/lib/jaxb-api.jar:/home/aida/.hudson/jobs/AIDA/workspace/AIDA/Search/Indexer/lib/jaxb-impl.jar:/home/aida/.hudson/jobs/AIDA/workspace/AIDA/Search/Indexer/lib/jaxb-xjc.jar:/home/aida/.hudson/jobs/AIDA/workspace/AIDA/Search/Indexer/lib/jaxrpc.jar:/home/aida/.hudson/jobs/AIDA/workspace/AIDA/Search/Indexer/lib/jdbm-1.0.jar:/home/aida/.hudson/jobs/AIDA/workspace/AIDA/Search/Indexer/lib/jsr173_api.jar:/home/aida/.hudson/jobs/AIDA/workspace/AIDA/Search/Indexer/lib/jstl.jar:/home/aida/.hudson/jobs/AIDA/workspace/AIDA/Search/Indexer/lib/junit-3.8.2.jar:/home/aida/.hudson/jobs/AIDA/workspace/AIDA/Search/Indexer/lib/lingpipe-2.2.0.jar:/home/aida/.hudson/jobs/AIDA/workspace/AIDA/Search/Indexer/lib/lucene-core-2.1.0.jar:/home/aida/.hudson/jobs/AIDA/workspace/AIDA/Search/Indexer/lib/mina-0.8.1.jar:/home/aida/.hudson/jobs/AIDA/workspace/AIDA/Search/Indexer/lib/PDFBox-0.7.2.jar:/home/aida/.hudson/jobs/AIDA/workspace/AIDA/Search/Indexer/lib/saaj.jar:/home/aida/.hudson/jobs/AIDA/workspace/AIDA/Search/Indexer/lib/servlet-api.jar:/home/aida/.hudson/jobs/AIDA/workspace/AIDA/Search/Indexer/lib/standard.jar:/home/aida/.hudson/jobs/AIDA/workspace/AIDA/Search/Indexer/lib/tm-extractors-0.4.jar:/home/aida/.hudson/jobs/AIDA/workspace/AIDA/Search/Indexer/lib/xbean.jar:/home/aida/.hudson/jobs/AIDA/workspace/AIDA/Search/Indexer/build/classes:/home/aida/.hudson/jobs/AIDA/workspace/AIDA/Search/Indexer/build/test/classes:/home/aida/ant/lib/junit-4.3.1.jar:/home/aida/apache-ant-1.7.0/lib/ant-launcher.jar:/home/aida/ant/lib/ant.jar:/home/aida/ant/lib/ant-junit.jar" />
    <property name="ant.library.dir" value="/home/aida/ant/lib" />
    <property name="os.arch" value="i386" />
    <property name="javac.deprecation" value="true" />
    <property name="file.reference.jaxb-api.jar" value="lib/jaxb-api.jar" />
    <property name="build.classes.excludes" value="**/*.java,**/*.form" />
    <property name="dist.dir" value="dist" />
    <property name="debug.classpath" value="lib/activation.jar:lib/axis.jar:lib/cog-jglobus.jar:lib/commons-beanutils.jar:lib/commons-collections-3.2.jar:lib/commons-configuration-1.2.jar:lib/commons-digester-1.7.jar:lib/commons-discovery-0.2.jar:lib/commons-lang-2.3.jar:lib/commons-logging.jar:lib/commons-math-1.1.jar:lib/jargon_v1.4.20.jar:lib/javax.servlet.jar:lib/jaxb-api.jar:lib/jaxb-impl.jar:lib/jaxb-xjc.jar:lib/jaxrpc.jar:lib/jdbm-1.0.jar:lib/jsr173_api.jar:lib/jstl.jar:lib/junit-3.8.2.jar:lib/lingpipe-2.2.0.jar:lib/lucene-core-2.1.0.jar:lib/mina-0.8.1.jar:lib/PDFBox-0.7.2.jar:lib/saaj.jar:lib/servlet-api.jar:lib/standard.jar:lib/tm-extractors-0.4.jar:lib/xbean.jar:build/classes" />
    <property name="env.SUDO_UID" value="1002" />
    <property name="sun.java.launcher" value="SUN_STANDARD" />
    <property name="jnlp.codebase.type" value="local" />
    <property name="file.reference.jaxb-impl.jar" value="lib/jaxb-impl.jar" />
    <property name="env.BUILD_ID" value="2010-10-12_15-51-36" />
    <property name="username" value="aida2" />
    <property name="ant.core.lib" value="/home/aida/ant/lib/ant.jar" />
    <property name="java.vm.specification.vendor" value="Sun Microsystems Inc." />
    <property name="jnlp.signed" value="false" />
    <property name="do.depend" value="true" />
    <property name="file.separator" value="/" />
    <property name="java.runtime.version" value="1.6.0_17-b04" />
    <property name="sun.boot.class.path" value="/usr/lib/jvm/java-6-sun-1.6.0.17/jre/lib/resources.jar:/usr/lib/jvm/java-6-sun-1.6.0.17/jre/lib/rt.jar:/usr/lib/jvm/java-6-sun-1.6.0.17/jre/lib/sunrsasign.jar:/usr/lib/jvm/java-6-sun-1.6.0.17/jre/lib/jsse.jar:/usr/lib/jvm/java-6-sun-1.6.0.17/jre/lib/jce.jar:/usr/lib/jvm/java-6-sun-1.6.0.17/jre/lib/charsets.jar:/usr/lib/jvm/java-6-sun-1.6.0.17/jre/classes" />
    <property name="debug.test.classpath" value="lib/activation.jar:lib/axis.jar:lib/cog-jglobus.jar:lib/commons-beanutils.jar:lib/commons-collections-3.2.jar:lib/commons-configuration-1.2.jar:lib/commons-digester-1.7.jar:lib/commons-discovery-0.2.jar:lib/commons-lang-2.3.jar:lib/commons-logging.jar:lib/commons-math-1.1.jar:lib/jargon_v1.4.20.jar:lib/javax.servlet.jar:lib/jaxb-api.jar:lib/jaxb-impl.jar:lib/jaxb-xjc.jar:lib/jaxrpc.jar:lib/jdbm-1.0.jar:lib/jsr173_api.jar:lib/jstl.jar:lib/junit-3.8.2.jar:lib/lingpipe-2.2.0.jar:lib/lucene-core-2.1.0.jar:lib/mina-0.8.1.jar:lib/PDFBox-0.7.2.jar:lib/saaj.jar:lib/servlet-api.jar:lib/standard.jar:lib/tm-extractors-0.4.jar:lib/xbean.jar:build/classes:${libs.junit.classpath}:build/test/classes" />
    <property name="main.class" value="nl.uva.science.wsdtf.Tests.Test" />
    <property name="have.tests" value="true" />
    <property name="file.reference.junit-3.8.2.jar" value="lib/junit-3.8.2.jar" />
    <property name="env.WORKSPACE" value="/home/aida/.hudson/jobs/AIDA/workspace" />
    <property name="file.reference.commons-math-1.1.jar" value="lib/commons-math-1.1.jar" />
    <property name="file.reference.standard.jar" value="lib/standard.jar" />
    <property name="sesame.username" value="testuser" />
    <property name="user.country" value="US" />
    <property name="env.ANT_HOME" value="/home/aida/ant" />
    <property name="env.INDEXDIR" value="/home/aida/indexes" />
    <property name="javadoc.notree" value="false" />
    <property name="env.EXECUTOR_NUMBER" value="0" />
    <property name="env.SHELL" value="/bin/bash" />
    <property name="ant.file.Indexer-impl" value="/home/aida/.hudson/jobs/AIDA/workspace/AIDA/Search/Indexer/nbproject/build-impl.xml" />
    <property name="default.javac.target" value="1.4" />
    <property name="javac.classpath" value="lib/activation.jar:lib/axis.jar:lib/cog-jglobus.jar:lib/commons-beanutils.jar:lib/commons-collections-3.2.jar:lib/commons-configuration-1.2.jar:lib/commons-digester-1.7.jar:lib/commons-discovery-0.2.jar:lib/commons-lang-2.3.jar:lib/commons-logging.jar:lib/commons-math-1.1.jar:lib/jargon_v1.4.20.jar:lib/javax.servlet.jar:lib/jaxb-api.jar:lib/jaxb-impl.jar:lib/jaxb-xjc.jar:lib/jaxrpc.jar:lib/jdbm-1.0.jar:lib/jsr173_api.jar:lib/jstl.jar:lib/junit-3.8.2.jar:lib/lingpipe-2.2.0.jar:lib/lucene-core-2.1.0.jar:lib/mina-0.8.1.jar:lib/PDFBox-0.7.2.jar:lib/saaj.jar:lib/servlet-api.jar:lib/standard.jar:lib/tm-extractors-0.4.jar:lib/xbean.jar" />
    <property name="javadoc.additionalparam" value="" />
    <property name="build.classes.dir" value="build/classes" />
    <property name="java.vendor" value="Sun Microsystems Inc." />
    <property name="file.reference.jsr173_api.jar" value="lib/jsr173_api.jar" />
    <property name="javac.target" value="1.5" />
    <property name="host.name" value="localhost" />
    <property name="env.HUDSON_COOKIE" value="a6491859-3707-46b1-9358-b89ec0d5a074" />
    <property name="env.CATALINA_HOME" value="/home/aida/tomcat-dev" />
    <property name="file.reference.commons-discovery-0.2.jar" value="lib/commons-discovery-0.2.jar" />
    <property name="java.specification.version" value="1.6" />
    <property name="env.SUDO_GID" value="1002" />
    <property name="sun.arch.data.model" value="32" />
  </properties>
  <testcase classname="indexer.WebServiceTest" name="testIndexFromRemote" time="0.0020" />
  <system-out><![CDATA[]]></system-out>
  <system-err><![CDATA[]]></system-err>
</testsuite>
