<?xml version="1.0" encoding="UTF-8" ?>
<testsuite errors="0" skipped="0" tests="1" time="18.763" failures="0" name="org.vle.aid.Test">
  <properties>
    <property value="Java(TM) 2 Runtime Environment, Standard Edition" name="java.runtime.name"/>
    <property value="/opt/arch/java/java-1.5.0/jdk1.5.0-i586/jre/lib/i386" name="sun.boot.library.path"/>
    <property value="1.5.0-b64" name="java.vm.version"/>
    <property value="Sun Microsystems Inc." name="java.vm.vendor"/>
    <property value="http://java.sun.com/" name="java.vendor.url"/>
    <property value=":" name="path.separator"/>
    <property value="Java HotSpot(TM) Client VM" name="java.vm.name"/>
    <property value="sun.io" name="file.encoding.pkg"/>
    <property value="US" name="user.country"/>
    <property value="unknown" name="sun.os.patch.level"/>
    <property value="Java Virtual Machine Specification" name="java.vm.specification.name"/>
    <property value="/home/ilps/emeij/eclipse.workspace/indexer-plugin" name="user.dir"/>
    <property value="1.5.0-b64" name="java.runtime.version"/>
    <property value="sun.awt.X11GraphicsEnvironment" name="java.awt.graphicsenv"/>
    <property value="/home/ilps/emeij/eclipse.workspace/indexer-plugin" name="basedir"/>
    <property value="/opt/arch/java/java-1.5.0/jdk1.5.0-i586/jre/lib/endorsed" name="java.endorsed.dirs"/>
    <property value="i386" name="os.arch"/>
    <property value="/tmp" name="java.io.tmpdir"/>
    <property value="
" name="line.separator"/>
    <property value="Sun Microsystems Inc." name="java.vm.specification.vendor"/>
    <property value="Linux" name="os.name"/>
    <property value="ISO-8859-15" name="sun.jnu.encoding"/>
    <property value="/opt/arch/java/java-1.5.0/jdk1.5.0-i586/jre/lib/i386/client:/opt/arch/java/java-1.5.0/jdk1.5.0-i586/jre/lib/i386:/opt/arch/java/java-1.5.0/jdk1.5.0-i586/jre/../lib/i386::/scratch/emeij/indri/lib:/home/ilps/emeij/lemur/lib" name="java.library.path"/>
    <property value="Java Platform API Specification" name="java.specification.name"/>
    <property value="49.0" name="java.class.version"/>
    <property value="HotSpot Client Compiler" name="sun.management.compiler"/>
    <property value="2.6.12-1.1381_FC3smp" name="os.version"/>
    <property value="/home/emeij" name="user.home"/>
    <property value="Europe/Amsterdam" name="user.timezone"/>
    <property value="sun.print.PSPrinterJob" name="java.awt.printerjob"/>
    <property value="ISO-8859-15" name="file.encoding"/>
    <property value="1.5" name="java.specification.version"/>
    <property value="emeij" name="user.name"/>
    <property value="/scratch/emeij/maven_repo/org/codehaus/plexus/plexus-archiver/1.0-alpha-7/plexus-archiver-1.0-alpha-7.jar:/scratch/emeij/maven_repo/junit/junit/3.8.1/junit-3.8.1.jar:/scratch/emeij/maven_repo/org/codehaus/plexus/plexus-container-default/1.0-alpha-8/plexus-container-default-1.0-alpha-8.jar:/scratch/emeij/maven_repo/org/apache/maven/surefire/surefire-api/2.3/surefire-api-2.3.jar:/scratch/emeij/maven_repo/classworlds/classworlds/1.1-alpha-2/classworlds-1.1-alpha-2.jar:/scratch/emeij/maven_repo/org/codehaus/plexus/plexus-utils/1.1/plexus-utils-1.1.jar:/scratch/emeij/maven_repo/commons-lang/commons-lang/2.1/commons-lang-2.1.jar:/scratch/emeij/maven_repo/org/apache/maven/surefire/surefire-booter/2.3/surefire-booter-2.3.jar" name="java.class.path"/>
    <property value="1.0" name="java.vm.specification.version"/>
    <property value="32" name="sun.arch.data.model"/>
    <property value="/opt/arch/java/java-1.5.0/jdk1.5.0-i586/jre" name="java.home"/>
    <property value="Sun Microsystems Inc." name="java.specification.vendor"/>
    <property value="en" name="user.language"/>
    <property value="mixed mode, sharing" name="java.vm.info"/>
    <property value="1.5.0" name="java.version"/>
    <property value="/opt/arch/java/java-1.5.0/jdk1.5.0-i586/jre/lib/ext" name="java.ext.dirs"/>
    <property value="/opt/arch/java/java-1.5.0/jdk1.5.0-i586/jre/lib/rt.jar:/opt/arch/java/java-1.5.0/jdk1.5.0-i586/jre/lib/i18n.jar:/opt/arch/java/java-1.5.0/jdk1.5.0-i586/jre/lib/sunrsasign.jar:/opt/arch/java/java-1.5.0/jdk1.5.0-i586/jre/lib/jsse.jar:/opt/arch/java/java-1.5.0/jdk1.5.0-i586/jre/lib/jce.jar:/opt/arch/java/java-1.5.0/jdk1.5.0-i586/jre/lib/charsets.jar:/opt/arch/java/java-1.5.0/jdk1.5.0-i586/jre/classes" name="sun.boot.class.path"/>
    <property value="Sun Microsystems Inc." name="java.vendor"/>
    <property value="/scratch/emeij/maven_repo/" name="localRepository"/>
    <property value="/" name="file.separator"/>
    <property value="http://java.sun.com/cgi-bin/bugreport.cgi" name="java.vendor.url.bug"/>
    <property value="little" name="sun.cpu.endian"/>
    <property value="UnicodeLittle" name="sun.io.unicode.encoding"/>
    <property value="" name="sun.cpu.isalist"/>
  </properties>
  <testcase time="18.745" name="testIndexer"/>
</testsuite>